<?xml version="1.0" encoding="UTF-8"?>
<!-- Generated by org.testng.reporters.JUnitXMLReporter -->
<testsuite ignored="0" hostname="DESKTOP-ISMAEL" failures="1" tests="1" name="TC02_LoginLockedUser" time="6.307" errors="0" timestamp="17 feb. 2024 16:26:25 GMT">
  <testcase classname="loginTestCases.TC02_LoginLockedUser" name="TC02" time="3.549">
    <failure type="java.lang.AssertionError" message="expected [true] but found [false]">
      <![CDATA[java.lang.AssertionError: expected [true] but found [false]
	at loginTestCases.TC02_LoginLockedUser.TC02(TC02_LoginLockedUser.java:30)
	at java.base/java.util.concurrent.FutureTask.run(FutureTask.java:264)
	at java.base/java.util.concurrent.ThreadPoolExecutor.runWorker(ThreadPoolExecutor.java:1136)
	at java.base/java.util.concurrent.ThreadPoolExecutor$Worker.run(ThreadPoolExecutor.java:635)
	at java.base/java.lang.Thread.run(Thread.java:840)
... Removed 20 stack frames]]>
    </failure>
  </testcase> <!-- TC02 -->
</testsuite> <!-- TC02_LoginLockedUser -->
