<?xml version="1.0" encoding="UTF-8"?>
<testng-results ignored="0" total="3" passed="3" failed="0" skipped="0">
  <reporter-output>
  </reporter-output>
  <suite started-at="2024-02-17T16:57:26Z" name="RegressionAutomatedQA" finished-at="2024-02-17T16:57:32Z" duration-ms="5541">
    <groups>
    </groups>
    <test started-at="2024-02-17T16:57:26Z" name="TC01_Login" finished-at="2024-02-17T16:57:31Z" duration-ms="4468">
      <class name="loginTestCases.TC01_Login">
        <test-method is-config="true" signature="startWebDriver()[pri:0, instance:loginTestCases.TC01_Login@3f93e4a8]" started-at="2024-02-17T10:57:26Z" name="startWebDriver" finished-at="2024-02-17T10:57:28Z" duration-ms="1679" status="PASS">
          <reporter-output>
          </reporter-output>
        </test-method> <!-- startWebDriver -->
        <test-method signature="TC01()[pri:0, instance:loginTestCases.TC01_Login@3f93e4a8]" started-at="2024-02-17T10:57:28Z" name="TC01" finished-at="2024-02-17T10:57:29Z" duration-ms="485" status="PASS">
          <reporter-output>
          </reporter-output>
        </test-method> <!-- TC01 -->
        <test-method is-config="true" signature="closeDriver()[pri:0, instance:loginTestCases.TC01_Login@3f93e4a8]" started-at="2024-02-17T10:57:29Z" name="closeDriver" finished-at="2024-02-17T10:57:31Z" duration-ms="2247" status="PASS">
          <reporter-output>
          </reporter-output>
        </test-method> <!-- closeDriver -->
      </class> <!-- loginTestCases.TC01_Login -->
    </test> <!-- TC01_Login -->
    <test started-at="2024-02-17T16:57:26Z" name="TC02_LoginLockedUser" finished-at="2024-02-17T16:57:31Z" duration-ms="4436">
      <class name="loginTestCases.TC02_LoginLockedUser">
        <test-method is-config="true" signature="startWebDriver()[pri:0, instance:loginTestCases.TC02_LoginLockedUser@4c48fe92]" started-at="2024-02-17T10:57:26Z" name="startWebDriver" finished-at="2024-02-17T10:57:29Z" duration-ms="2323" status="PASS">
          <reporter-output>
          </reporter-output>
        </test-method> <!-- startWebDriver -->
        <test-method signature="TC02()[pri:0, instance:loginTestCases.TC02_LoginLockedUser@4c48fe92]" started-at="2024-02-17T10:57:29Z" name="TC02" finished-at="2024-02-17T10:57:29Z" duration-ms="489" status="PASS">
          <reporter-output>
          </reporter-output>
        </test-method> <!-- TC02 -->
        <test-method is-config="true" signature="closeDriver()[pri:0, instance:loginTestCases.TC02_LoginLockedUser@4c48fe92]" started-at="2024-02-17T10:57:29Z" name="closeDriver" finished-at="2024-02-17T10:57:31Z" duration-ms="1616" status="PASS">
          <reporter-output>
          </reporter-output>
        </test-method> <!-- closeDriver -->
      </class> <!-- loginTestCases.TC02_LoginLockedUser -->
    </test> <!-- TC02_LoginLockedUser -->
    <test started-at="2024-02-17T16:57:26Z" name="TC03_VerifyRemoveButton" finished-at="2024-02-17T16:57:32Z" duration-ms="5541">
      <class name="inventoryTestCases.TC03_VerifyRemoveButton">
        <test-method is-config="true" signature="startWebDriver()[pri:0, instance:inventoryTestCases.TC03_VerifyRemoveButton@149c3204]" started-at="2024-02-17T10:57:26Z" name="startWebDriver" finished-at="2024-02-17T10:57:31Z" duration-ms="4349" status="PASS">
          <reporter-output>
          </reporter-output>
        </test-method> <!-- startWebDriver -->
        <test-method signature="TC03()[pri:0, instance:inventoryTestCases.TC03_VerifyRemoveButton@149c3204]" started-at="2024-02-17T10:57:31Z" name="TC03" finished-at="2024-02-17T10:57:31Z" duration-ms="617" status="PASS">
          <reporter-output>
          </reporter-output>
        </test-method> <!-- TC03 -->
        <test-method is-config="true" signature="closeDriver()[pri:0, instance:inventoryTestCases.TC03_VerifyRemoveButton@149c3204]" started-at="2024-02-17T10:57:31Z" name="closeDriver" finished-at="2024-02-17T10:57:32Z" duration-ms="565" status="PASS">
          <reporter-output>
          </reporter-output>
        </test-method> <!-- closeDriver -->
      </class> <!-- inventoryTestCases.TC03_VerifyRemoveButton -->
    </test> <!-- TC03_VerifyRemoveButton -->
  </suite> <!-- RegressionAutomatedQA -->
</testng-results>
