<?xml version="1.0" encoding="UTF-8"?>
<testng-results ignored="0" total="1" passed="1" failed="0" skipped="0">
  <reporter-output>
  </reporter-output>
  <suite started-at="2024-02-14T23:07:38Z" name="Default suite" finished-at="2024-02-14T23:07:45Z" duration-ms="6869">
    <groups>
    </groups>
    <test started-at="2024-02-14T23:07:38Z" name="Default test" finished-at="2024-02-14T23:07:45Z" duration-ms="6869">
      <class name="prueba2024.Soft_assert">
        <test-method signature="f()[pri:0, instance:prueba2024.Soft_assert@4ff8d125]" started-at="2024-02-14T17:07:38Z" name="f" finished-at="2024-02-14T17:07:45Z" duration-ms="6843" status="PASS">
          <reporter-output>
          </reporter-output>
        </test-method> <!-- f -->
      </class> <!-- prueba2024.Soft_assert -->
    </test> <!-- Default test -->
  </suite> <!-- Default suite -->
</testng-results>
